<?xml version="1.0" encoding="UTF-8"?>
<!-- Generated by org.testng.reporters.JUnitReportReporter -->
<testsuite skipped="0" hostname="USER-PC" name="firstpackage.Firstclass" tests="1" failures="0" timestamp="26 Apr 2019 07:05:58 GMT" time="0.012" errors="0">
  <testcase name="h" time="0.012" classname="firstpackage.Firstclass"/>
</testsuite> <!-- firstpackage.Firstclass -->
